<?xml version="1.0" encoding="UTF-8"?>
<testng-results skipped="0" failed="0" ignored="0" total="1" passed="1">
  <reporter-output>
  </reporter-output>
  <suite name="Default suite" duration-ms="2092" started-at="2021-05-22T19:48:24 EDT" finished-at="2021-05-22T19:48:26 EDT">
    <groups>
    </groups>
    <test name="Default test" duration-ms="2092" started-at="2021-05-22T19:48:24 EDT" finished-at="2021-05-22T19:48:26 EDT">
      <class name="ups.api.dummy.DeleteReq">
        <test-method status="PASS" signature="DeletRequest()[pri:0, instance:ups.api.dummy.DeleteReq@3ee0fea4]" name="DeletRequest" duration-ms="2049" started-at="2021-05-22T19:48:24 EDT" finished-at="2021-05-22T19:48:26 EDT">
          <reporter-output>
          </reporter-output>
        </test-method> <!-- DeletRequest -->
      </class> <!-- ups.api.dummy.DeleteReq -->
    </test> <!-- Default test -->
  </suite> <!-- Default suite -->
</testng-results>
